2023-05-11 09:35:16 [INFO] 초기화 필터 생성
2023-05-11 09:35:17 [INFO] 5초마다 출력
2023-05-11 09:35:19 [INFO] 후처리 수행
2023-05-11 09:35:19 [INFO] View단 처리 완료 후 수행
2023-05-11 09:35:19 [INFO] 후처리 수행
2023-05-11 09:35:19 [INFO] View단 처리 완료 후 수행
2023-05-11 09:35:22 [INFO] 후처리 수행
2023-05-11 09:35:22 [INFO] View단 처리 완료 후 수행
2023-05-11 09:35:22 [INFO] 후처리 수행
2023-05-11 09:35:22 [INFO] View단 처리 완료 후 수행
2023-05-11 09:35:22 [INFO] 5초마다 출력
2023-05-11 09:35:27 [INFO] 5초마다 출력
2023-05-11 09:35:32 [INFO] 5초마다 출력
2023-05-11 09:35:37 [INFO] 5초마다 출력
2023-05-11 09:35:42 [INFO] 5초마다 출력
2023-05-11 09:35:47 [INFO] 5초마다 출력
2023-05-11 09:35:52 [INFO] 5초마다 출력
2023-05-11 09:35:57 [INFO] 5초마다 출력
2023-05-11 09:36:02 [INFO] 5초마다 출력
2023-05-11 09:36:07 [INFO] 5초마다 출력
2023-05-11 09:36:12 [INFO] 5초마다 출력
2023-05-11 09:36:17 [INFO] 5초마다 출력
2023-05-11 09:36:22 [INFO] 5초마다 출력
2023-05-11 09:36:27 [INFO] 5초마다 출력
2023-05-11 09:36:32 [INFO] 5초마다 출력
2023-05-11 09:36:37 [INFO] 5초마다 출력
2023-05-11 09:36:42 [INFO] 5초마다 출력
2023-05-11 09:36:47 [INFO] 5초마다 출력
2023-05-11 09:36:52 [INFO] 5초마다 출력
2023-05-11 09:36:57 [INFO] 5초마다 출력
2023-05-11 09:37:02 [INFO] 5초마다 출력
2023-05-11 09:37:07 [INFO] 5초마다 출력
2023-05-11 09:37:12 [INFO] 5초마다 출력
2023-05-11 09:37:17 [INFO] 5초마다 출력
2023-05-11 09:37:22 [INFO] 5초마다 출력
2023-05-11 09:37:27 [INFO] 5초마다 출력
2023-05-11 09:37:32 [INFO] 5초마다 출력
2023-05-11 09:37:37 [INFO] 5초마다 출력
2023-05-11 09:37:42 [INFO] 5초마다 출력
2023-05-11 09:37:47 [INFO] 5초마다 출력
2023-05-11 09:37:52 [INFO] 5초마다 출력
2023-05-11 09:37:57 [INFO] 5초마다 출력
2023-05-11 09:38:02 [INFO] 5초마다 출력
2023-05-11 09:38:07 [INFO] 5초마다 출력
2023-05-11 09:38:12 [INFO] 5초마다 출력
2023-05-11 09:38:17 [INFO] 5초마다 출력
2023-05-11 09:38:22 [INFO] 5초마다 출력
2023-05-11 09:38:27 [INFO] 5초마다 출력
2023-05-11 09:38:32 [INFO] 5초마다 출력
2023-05-11 09:38:37 [INFO] 5초마다 출력
2023-05-11 09:38:42 [INFO] 5초마다 출력
2023-05-11 09:38:47 [INFO] 5초마다 출력
2023-05-11 09:38:52 [INFO] 5초마다 출력
2023-05-11 09:38:57 [INFO] 5초마다 출력
2023-05-11 09:39:02 [INFO] 5초마다 출력
2023-05-11 09:39:07 [INFO] 5초마다 출력
2023-05-11 09:39:12 [INFO] 5초마다 출력
2023-05-11 09:39:17 [INFO] 5초마다 출력
2023-05-11 09:39:22 [INFO] 5초마다 출력
2023-05-11 09:39:27 [INFO] 5초마다 출력
2023-05-11 09:39:32 [INFO] 5초마다 출력
2023-05-11 09:39:37 [INFO] 5초마다 출력
2023-05-11 09:39:42 [INFO] 5초마다 출력
2023-05-11 09:39:47 [INFO] 5초마다 출력
2023-05-11 09:41:36 [INFO] 초기화 필터 생성
2023-05-11 09:41:38 [INFO] 후처리 수행
2023-05-11 09:41:38 [INFO] View단 처리 완료 후 수행
2023-05-11 09:41:38 [INFO] 후처리 수행
2023-05-11 09:41:38 [INFO] View단 처리 완료 후 수행
2023-05-11 09:41:39 [INFO] 후처리 수행
2023-05-11 09:41:39 [INFO] View단 처리 완료 후 수행
2023-05-11 09:42:00 [INFO] 5초마다 출력
2023-05-11 10:28:02 [INFO] 초기화 필터 생성
2023-05-11 10:28:04 [INFO] 후처리 수행
2023-05-11 10:28:04 [INFO] View단 처리 완료 후 수행
2023-05-11 10:28:04 [INFO] 후처리 수행
2023-05-11 10:28:04 [INFO] View단 처리 완료 후 수행
2023-05-11 10:28:05 [INFO] 후처리 수행
2023-05-11 10:28:05 [INFO] View단 처리 완료 후 수행
2023-05-11 10:29:00 [INFO] -------------- 서버 이미지 삭제 완료 ------------------
2023-05-11 10:30:00 [INFO] -------------- 서버 이미지 삭제 완료 ------------------
2023-05-11 10:31:00 [INFO] -------------- 서버 이미지 삭제 완료 ------------------
2023-05-11 10:32:00 [INFO] -------------- 서버 이미지 삭제 완료 ------------------
2023-05-11 10:33:00 [INFO] -------------- 서버 이미지 삭제 완료 ------------------
2023-05-11 10:34:17 [INFO] 초기화 필터 생성
2023-05-11 10:34:19 [INFO] 후처리 수행
2023-05-11 10:34:19 [INFO] View단 처리 완료 후 수행
2023-05-11 10:34:19 [INFO] 후처리 수행
2023-05-11 10:34:19 [INFO] View단 처리 완료 후 수행
2023-05-11 10:34:23 [INFO] 후처리 수행
2023-05-11 10:34:23 [INFO] View단 처리 완료 후 수행
2023-05-11 10:35:00 [INFO] 일정.PNG 삭제
2023-05-11 10:35:00 [INFO] -------------- 서버 이미지 삭제 완료 ------------------
